09/18/2019 01:09:56 PM local file loaded: C:\Users\filip\OneDrive\Elite Dangerous\FactionData\Data\2019_09_18_localSystems.json
09/18/2019 01:09:56 PM local file loaded: C:\Users\filip\OneDrive\Elite Dangerous\FactionData\Data\2019_09_18_localFactions.json
09/18/2019 01:29:25 PM local file loaded: Data\2019_09_18_localSystems.json
09/18/2019 01:29:27 PM local file loaded: Data\2019_09_18_localFactions.json
09/18/2019 01:40:36 PM local file loaded: Data\2019_09_18_localSystems.json
09/18/2019 01:40:37 PM local file loaded: Data\2019_09_18_localFactions.json
09/18/2019 01:50:37 PM local file loaded: Data\2019_09_18_localSystems.json
09/18/2019 01:50:37 PM local file loaded: Data\2019_09_18_localFactions.json
09/18/2019 01:50:39 PM local file loaded: Data\2019_08_26_localSystems.json
09/18/2019 01:50:39 PM 2019-08-27
09/18/2019 01:51:30 PM local file loaded: Data\2019_09_18_localSystems.json
09/18/2019 01:51:30 PM local file loaded: Data\2019_09_18_localFactions.json
09/18/2019 01:51:32 PM local file loaded: Data\2019_08_26_localSystems.json
09/18/2019 01:51:32 PM 2019-08-27
09/18/2019 01:51:32 PM 2019-08-28
09/18/2019 01:51:32 PM 2019-08-29
09/18/2019 01:51:34 PM Data\2019_08_29_localSystems.json
09/18/2019 01:51:34 PM 2019-08-30
09/18/2019 01:51:34 PM 2019-08-31
09/18/2019 01:51:34 PM 2019-09-01
09/18/2019 01:51:34 PM 2019-09-02
09/18/2019 01:51:34 PM 2019-09-03
09/18/2019 01:51:36 PM Data\2019_09_03_localSystems.json
09/18/2019 01:51:36 PM 2019-09-04
09/18/2019 01:51:38 PM Data\2019_09_04_localSystems.json
09/18/2019 01:51:38 PM 2019-09-05
09/18/2019 01:51:38 PM 2019-09-06
09/18/2019 01:51:38 PM 2019-09-07
09/18/2019 01:51:40 PM Data\2019_09_07_localSystems.json
09/18/2019 01:51:40 PM 2019-09-08
09/18/2019 01:51:42 PM Data\2019_09_08_localSystems.json
09/18/2019 01:51:42 PM 2019-09-09
09/18/2019 01:51:44 PM Data\2019_09_09_localSystems.json
09/18/2019 01:51:44 PM 2019-09-10
09/18/2019 01:51:48 PM Data\2019_09_10_localSystems.json
09/18/2019 01:51:48 PM 2019-09-11
09/18/2019 01:51:50 PM Data\2019_09_11_localSystems.json
09/18/2019 01:51:50 PM 2019-09-12
09/18/2019 01:51:54 PM Data\2019_09_12_localSystems.json
09/18/2019 01:51:54 PM 2019-09-13
09/18/2019 01:52:03 PM Data\2019_09_13_localSystems.json
09/18/2019 01:52:03 PM 2019-09-14
09/18/2019 01:52:09 PM Data\2019_09_14_localSystems.json
09/18/2019 01:52:09 PM 2019-09-15
09/18/2019 01:52:16 PM Data\2019_09_15_localSystems.json
09/18/2019 01:52:16 PM 2019-09-16
09/18/2019 01:52:21 PM Data\2019_09_16_localSystems.json
09/18/2019 01:52:21 PM 2019-09-17
09/18/2019 01:52:26 PM Data\2019_09_17_localSystems.json
09/18/2019 01:52:26 PM 2019-09-18
09/18/2019 01:52:29 PM Data\2019_09_18_localSystems.json
09/18/2019 01:52:29 PM Found NewP
09/18/2019 01:57:14 PM local file loaded: Data\2019_09_18localSystems.json
09/18/2019 02:00:20 PM local file loaded: Data\2019_09_18localSystems.json
09/18/2019 02:27:56 PM local file loaded: Data\2019_09_18_localSystems.json
09/18/2019 02:27:57 PM local file loaded: Data\2019_09_18_localFactions.json
09/18/2019 02:27:58 PM local file loaded: Data\2019_08_26_localSystems.json
09/18/2019 02:27:58 PM 2019-08-27
09/18/2019 02:27:58 PM 2019-08-28
09/18/2019 02:27:58 PM 2019-08-29
09/18/2019 02:27:59 PM Data\2019_08_29_localSystems.json
09/18/2019 02:28:00 PM 2019-08-30
09/18/2019 02:28:00 PM 2019-08-31
09/18/2019 02:28:00 PM 2019-09-01
09/18/2019 02:28:00 PM 2019-09-02
09/18/2019 02:28:00 PM 2019-09-03
09/18/2019 02:28:02 PM Data\2019_09_03_localSystems.json
09/18/2019 02:28:02 PM 2019-09-04
09/18/2019 02:28:04 PM Data\2019_09_04_localSystems.json
09/18/2019 02:28:04 PM 2019-09-05
09/18/2019 02:28:04 PM 2019-09-06
09/18/2019 02:28:04 PM 2019-09-07
09/18/2019 02:28:07 PM Data\2019_09_07_localSystems.json
09/18/2019 02:28:07 PM 2019-09-08
09/18/2019 02:28:09 PM Data\2019_09_08_localSystems.json
09/18/2019 02:28:09 PM 2019-09-09
09/18/2019 02:28:11 PM Data\2019_09_09_localSystems.json
09/18/2019 02:28:12 PM 2019-09-10
09/18/2019 02:28:13 PM Data\2019_09_10_localSystems.json
09/18/2019 02:28:13 PM 2019-09-11
09/18/2019 02:28:16 PM Data\2019_09_11_localSystems.json
09/18/2019 02:28:16 PM 2019-09-12
09/18/2019 02:28:17 PM Data\2019_09_12_localSystems.json
09/18/2019 02:28:17 PM 2019-09-13
09/18/2019 02:28:19 PM Data\2019_09_13_localSystems.json
09/18/2019 02:28:20 PM 2019-09-14
09/18/2019 02:28:21 PM Data\2019_09_14_localSystems.json
09/18/2019 02:28:21 PM 2019-09-15
09/18/2019 02:28:24 PM Data\2019_09_15_localSystems.json
09/18/2019 02:28:24 PM 2019-09-16
09/18/2019 02:28:25 PM Data\2019_09_16_localSystems.json
09/18/2019 02:28:26 PM 2019-09-17
09/18/2019 02:28:28 PM Data\2019_09_17_localSystems.json
09/18/2019 02:28:28 PM 2019-09-18
09/18/2019 02:28:30 PM Data\2019_09_18_localSystems.json
09/18/2019 02:28:31 PM Found NewP
